# JRE version: Java(TM) SE Runtime Environment (8.0_191-b12) (build 1.8.0_191-b12)
# Java VM: Java HotSpot(TM) 64-Bit Server VM (25.191-b12 mixed mode windows-amd64 compressed oops)
Heap:
 PSYoungGen      total 137728K, used 119419K [0x00000000d6100000, 0x00000000e1700000, 0x0000000100000000)
  eden space 128000K, 87% used [0x00000000d6100000,0x00000000dce1a358,0x00000000dde00000)
  from space 9728K, 79% used [0x00000000dde00000,0x00000000de584998,0x00000000de780000)
  to   space 10240K, 0% used [0x00000000e0d00000,0x00000000e0d00000,0x00000000e1700000)
 ParOldGen       total 59392K, used 9971K [0x0000000082200000, 0x0000000085c00000, 0x00000000d6100000)
  object space 59392K, 16% used [0x0000000082200000,0x0000000082bbcfe8,0x0000000085c00000)
 Metaspace       used 32633K, capacity 34066K, committed 34304K, reserved 1079296K
  class space    used 4260K, capacity 4533K, committed 4608K, reserved 1048576K
GC Heap History (10 events):
Event: 1.021 GC heap before
{Heap before GC invocations=4 (full 0):
 PSYoungGen      total 37888K, used 37458K [0x00000000d6100000, 0x00000000dab00000, 0x0000000100000000)
  eden space 32768K, 99% used [0x00000000d6100000,0x00000000d80f9e50,0x00000000d8100000)
  from space 5120K, 92% used [0x00000000d8100000,0x00000000d859ac48,0x00000000d8600000)
  to   space 5120K, 0% used [0x00000000da600000,0x00000000da600000,0x00000000dab00000)
 ParOldGen       total 86016K, used 80K [0x0000000082200000, 0x0000000087600000, 0x00000000d6100000)
  object space 86016K, 0% used [0x0000000082200000,0x0000000082214270,0x0000000087600000)
 Metaspace       used 16482K, capacity 16916K, committed 17024K, reserved 1064960K
  class space    used 2046K, capacity 2158K, committed 2176K, reserved 1048576K
Event: 1.030 GC heap after
Heap after GC invocations=4 (full 0):
 PSYoungGen      total 70656K, used 5110K [0x00000000d6100000, 0x00000000dab00000, 0x0000000100000000)
  eden space 65536K, 0% used [0x00000000d6100000,0x00000000d6100000,0x00000000da100000)
  from space 5120K, 99% used [0x00000000da600000,0x00000000daafd970,0x00000000dab00000)
  to   space 5120K, 0% used [0x00000000da100000,0x00000000da100000,0x00000000da600000)
 ParOldGen       total 86016K, used 2124K [0x0000000082200000, 0x0000000087600000, 0x00000000d6100000)
  object space 86016K, 2% used [0x0000000082200000,0x0000000082413188,0x0000000087600000)
 Metaspace       used 16482K, capacity 16916K, committed 17024K, reserved 1064960K
  class space    used 2046K, capacity 2158K, committed 2176K, reserved 1048576K
}
Event: 1.916 GC heap before
{Heap before GC invocations=5 (full 0):
 PSYoungGen      total 70656K, used 41133K [0x00000000d6100000, 0x00000000dab00000, 0x0000000100000000)
  eden space 65536K, 54% used [0x00000000d6100000,0x00000000d842db58,0x00000000da100000)
  from space 5120K, 99% used [0x00000000da600000,0x00000000daafd970,0x00000000dab00000)
  to   space 5120K, 0% used [0x00000000da100000,0x00000000da100000,0x00000000da600000)
 ParOldGen       total 86016K, used 2124K [0x0000000082200000, 0x0000000087600000, 0x00000000d6100000)
  object space 86016K, 2% used [0x0000000082200000,0x0000000082413188,0x0000000087600000)
 Metaspace       used 20616K, capacity 21172K, committed 21248K, reserved 1067008K
  class space    used 2607K, capacity 2770K, committed 2816K, reserved 1048576K
Event: 1.922 GC heap after
Heap after GC invocations=5 (full 0):
 PSYoungGen      total 70656K, used 5091K [0x00000000d6100000, 0x00000000df500000, 0x0000000100000000)
  eden space 65536K, 0% used [0x00000000d6100000,0x00000000d6100000,0x00000000da100000)
  from space 5120K, 99% used [0x00000000da100000,0x00000000da5f8c78,0x00000000da600000)
  to   space 10240K, 0% used [0x00000000deb00000,0x00000000deb00000,0x00000000df500000)
 ParOldGen       total 86016K, used 7322K [0x0000000082200000, 0x0000000087600000, 0x00000000d6100000)
  object space 86016K, 8% used [0x0000000082200000,0x0000000082926968,0x0000000087600000)
 Metaspace       used 20616K, capacity 21172K, committed 21248K, reserved 1067008K
  class space    used 2607K, capacity 2770K, committed 2816K, reserved 1048576K
}
Event: 1.922 GC heap before
{Heap before GC invocations=6 (full 1):
 PSYoungGen      total 70656K, used 5091K [0x00000000d6100000, 0x00000000df500000, 0x0000000100000000)
  eden space 65536K, 0% used [0x00000000d6100000,0x00000000d6100000,0x00000000da100000)
  from space 5120K, 99% used [0x00000000da100000,0x00000000da5f8c78,0x00000000da600000)
  to   space 10240K, 0% used [0x00000000deb00000,0x00000000deb00000,0x00000000df500000)
 ParOldGen       total 86016K, used 7322K [0x0000000082200000, 0x0000000087600000, 0x00000000d6100000)
  object space 86016K, 8% used [0x0000000082200000,0x0000000082926968,0x0000000087600000)
 Metaspace       used 20616K, capacity 21172K, committed 21248K, reserved 1067008K
  class space    used 2607K, capacity 2770K, committed 2816K, reserved 1048576K
Event: 1.943 GC heap after
Heap after GC invocations=6 (full 1):
 PSYoungGen      total 70656K, used 0K [0x00000000d6100000, 0x00000000df500000, 0x0000000100000000)
  eden space 65536K, 0% used [0x00000000d6100000,0x00000000d6100000,0x00000000da100000)
  from space 5120K, 0% used [0x00000000da100000,0x00000000da100000,0x00000000da600000)
  to   space 10240K, 0% used [0x00000000deb00000,0x00000000deb00000,0x00000000df500000)
 ParOldGen       total 59392K, used 9955K [0x0000000082200000, 0x0000000085c00000, 0x00000000d6100000)
  object space 59392K, 16% used [0x0000000082200000,0x0000000082bb8fe8,0x0000000085c00000)
 Metaspace       used 20615K, capacity 21166K, committed 21248K, reserved 1067008K
  class space    used 2606K, capacity 2769K, committed 2816K, reserved 1048576K
}
Event: 3.573 GC heap before
{Heap before GC invocations=7 (full 1):
 PSYoungGen      total 70656K, used 65536K [0x00000000d6100000, 0x00000000df500000, 0x0000000100000000)
  eden space 65536K, 100% used [0x00000000d6100000,0x00000000da100000,0x00000000da100000)
  from space 5120K, 0% used [0x00000000da100000,0x00000000da100000,0x00000000da600000)
  to   space 10240K, 0% used [0x00000000deb00000,0x00000000deb00000,0x00000000df500000)
 ParOldGen       total 59392K, used 9955K [0x0000000082200000, 0x0000000085c00000, 0x00000000d6100000)
  object space 59392K, 16% used [0x0000000082200000,0x0000000082bb8fe8,0x0000000085c00000)
 Metaspace       used 25865K, capacity 26762K, committed 26880K, reserved 1073152K
  class space    used 3348K, capacity 3553K, committed 3584K, reserved 1048576K
Event: 3.577 GC heap after
Heap after GC invocations=7 (full 1):
 PSYoungGen      total 110592K, used 5956K [0x00000000d6100000, 0x00000000df100000, 0x0000000100000000)
  eden space 104448K, 0% used [0x00000000d6100000,0x00000000d6100000,0x00000000dc700000)
  from space 6144K, 96% used [0x00000000deb00000,0x00000000df0d1110,0x00000000df100000)
  to   space 9728K, 0% used [0x00000000dde00000,0x00000000dde00000,0x00000000de780000)
 ParOldGen       total 59392K, used 9963K [0x0000000082200000, 0x0000000085c00000, 0x00000000d6100000)
  object space 59392K, 16% used [0x0000000082200000,0x0000000082bbafe8,0x0000000085c00000)
 Metaspace       used 25865K, capacity 26762K, committed 26880K, reserved 1073152K
  class space    used 3348K, capacity 3553K, committed 3584K, reserved 1048576K
}
Event: 3.952 GC heap before
{Heap before GC invocations=8 (full 1):
 PSYoungGen      total 110592K, used 110404K [0x00000000d6100000, 0x00000000df100000, 0x0000000100000000)
  eden space 104448K, 100% used [0x00000000d6100000,0x00000000dc700000,0x00000000dc700000)
  from space 6144K, 96% used [0x00000000deb00000,0x00000000df0d1110,0x00000000df100000)
  to   space 9728K, 0% used [0x00000000dde00000,0x00000000dde00000,0x00000000de780000)
 ParOldGen       total 59392K, used 9963K [0x0000000082200000, 0x0000000085c00000, 0x00000000d6100000)
  object space 59392K, 16% used [0x0000000082200000,0x0000000082bbafe8,0x0000000085c00000)
 Metaspace       used 28598K, capacity 29592K, committed 29824K, reserved 1075200K
  class space    used 3705K, capacity 3912K, committed 3968K, reserved 1048576K
Event: 3.958 GC heap after
Heap after GC invocations=8 (full 1):
 PSYoungGen      total 137728K, used 7698K [0x00000000d6100000, 0x00000000e1700000, 0x0000000100000000)
  eden space 128000K, 0% used [0x00000000d6100000,0x00000000d6100000,0x00000000dde00000)
  from space 9728K, 79% used [0x00000000dde00000,0x00000000de584998,0x00000000de780000)
  to   space 10240K, 0% used [0x00000000e0d00000,0x00000000e0d00000,0x00000000e1700000)
 ParOldGen       total 59392K, used 9971K [0x0000000082200000, 0x0000000085c00000, 0x00000000d6100000)
  object space 59392K, 16% used [0x0000000082200000,0x0000000082bbcfe8,0x0000000085c00000)
 Metaspace       used 28598K, capacity 29592K, committed 29824K, reserved 1075200K
  class space    used 3705K, capacity 3912K, committed 3968K, reserved 1048576K
}

