# JRE version: Java(TM) SE Runtime Environment (8.0_191-b12) (build 1.8.0_191-b12)
# Java VM: Java HotSpot(TM) 64-Bit Server VM (25.191-b12 mixed mode windows-amd64 compressed oops)
Heap:
 PSYoungGen      total 138752K, used 19176K [0x00000000d6100000, 0x00000000dfe80000, 0x0000000100000000)
  eden space 128000K, 10% used [0x00000000d6100000,0x00000000d6e3ec38,0x00000000dde00000)
  from space 10752K, 52% used [0x00000000df400000,0x00000000df97b6c0,0x00000000dfe80000)
  to   space 9728K, 0% used [0x00000000dde00000,0x00000000dde00000,0x00000000de780000)
 ParOldGen       total 59904K, used 17983K [0x0000000082200000, 0x0000000085c80000, 0x00000000d6100000)
  object space 59904K, 30% used [0x0000000082200000,0x000000008338fd68,0x0000000085c80000)
 Metaspace       used 39156K, capacity 40670K, committed 40920K, reserved 1085440K
  class space    used 4965K, capacity 5269K, committed 5376K, reserved 1048576K
GC Heap History (10 events):
Event: 4.217 GC heap before
{Heap before GC invocations=8 (full 1):
 PSYoungGen      total 109568K, used 109432K [0x00000000d6100000, 0x00000000df100000, 0x0000000100000000)
  eden space 103424K, 100% used [0x00000000d6100000,0x00000000dc600000,0x00000000dc600000)
  from space 6144K, 97% used [0x00000000deb00000,0x00000000df0de020,0x00000000df100000)
  to   space 9728K, 0% used [0x00000000dde00000,0x00000000dde00000,0x00000000de780000)
 ParOldGen       total 59904K, used 9960K [0x0000000082200000, 0x0000000085c80000, 0x00000000d6100000)
  object space 59904K, 16% used [0x0000000082200000,0x0000000082bba0a0,0x0000000085c80000)
 Metaspace       used 28638K, capacity 29592K, committed 29824K, reserved 1075200K
  class space    used 3713K, capacity 3912K, committed 3968K, reserved 1048576K
Event: 4.225 GC heap after
Heap after GC invocations=8 (full 1):
 PSYoungGen      total 113152K, used 7692K [0x00000000d6100000, 0x00000000df100000, 0x0000000100000000)
  eden space 103424K, 0% used [0x00000000d6100000,0x00000000d6100000,0x00000000dc600000)
  from space 9728K, 79% used [0x00000000dde00000,0x00000000de583070,0x00000000de780000)
  to   space 6144K, 0% used [0x00000000deb00000,0x00000000deb00000,0x00000000df100000)
 ParOldGen       total 59904K, used 9968K [0x0000000082200000, 0x0000000085c80000, 0x00000000d6100000)
  object space 59904K, 16% used [0x0000000082200000,0x0000000082bbc0a0,0x0000000085c80000)
 Metaspace       used 28638K, capacity 29592K, committed 29824K, reserved 1075200K
  class space    used 3713K, capacity 3912K, committed 3968K, reserved 1048576K
}
Event: 4.901 GC heap before
{Heap before GC invocations=9 (full 1):
 PSYoungGen      total 113152K, used 111116K [0x00000000d6100000, 0x00000000df100000, 0x0000000100000000)
  eden space 103424K, 100% used [0x00000000d6100000,0x00000000dc600000,0x00000000dc600000)
  from space 9728K, 79% used [0x00000000dde00000,0x00000000de583070,0x00000000de780000)
  to   space 6144K, 0% used [0x00000000deb00000,0x00000000deb00000,0x00000000df100000)
 ParOldGen       total 59904K, used 9968K [0x0000000082200000, 0x0000000085c80000, 0x00000000d6100000)
  object space 59904K, 16% used [0x0000000082200000,0x0000000082bbc0a0,0x0000000085c80000)
 Metaspace       used 32493K, capacity 33978K, committed 34304K, reserved 1079296K
  class space    used 4245K, capacity 4529K, committed 4608K, reserved 1048576K
Event: 4.908 GC heap after
Heap after GC invocations=9 (full 1):
 PSYoungGen      total 109568K, used 6121K [0x00000000d6100000, 0x00000000df100000, 0x0000000100000000)
  eden space 103424K, 0% used [0x00000000d6100000,0x00000000d6100000,0x00000000dc600000)
  from space 6144K, 99% used [0x00000000deb00000,0x00000000df0fa4c0,0x00000000df100000)
  to   space 9728K, 0% used [0x00000000dde00000,0x00000000dde00000,0x00000000de780000)
 ParOldGen       total 59904K, used 14364K [0x0000000082200000, 0x0000000085c80000, 0x00000000d6100000)
  object space 59904K, 23% used [0x0000000082200000,0x0000000083007350,0x0000000085c80000)
 Metaspace       used 32493K, capacity 33978K, committed 34304K, reserved 1079296K
  class space    used 4245K, capacity 4529K, committed 4608K, reserved 1048576K
}
Event: 5.167 GC heap before
{Heap before GC invocations=10 (full 1):
 PSYoungGen      total 109568K, used 31530K [0x00000000d6100000, 0x00000000df100000, 0x0000000100000000)
  eden space 103424K, 24% used [0x00000000d6100000,0x00000000d79d05b0,0x00000000dc600000)
  from space 6144K, 99% used [0x00000000deb00000,0x00000000df0fa4c0,0x00000000df100000)
  to   space 9728K, 0% used [0x00000000dde00000,0x00000000dde00000,0x00000000de780000)
 ParOldGen       total 59904K, used 14364K [0x0000000082200000, 0x0000000085c80000, 0x00000000d6100000)
  object space 59904K, 23% used [0x0000000082200000,0x0000000083007350,0x0000000085c80000)
 Metaspace       used 33847K, capacity 35294K, committed 35416K, reserved 1079296K
  class space    used 4390K, capacity 4663K, committed 4736K, reserved 1048576K
Event: 5.172 GC heap after
Heap after GC invocations=10 (full 1):
 PSYoungGen      total 137728K, used 6500K [0x00000000d6100000, 0x00000000dfe80000, 0x0000000100000000)
  eden space 128000K, 0% used [0x00000000d6100000,0x00000000d6100000,0x00000000dde00000)
  from space 9728K, 66% used [0x00000000dde00000,0x00000000de4590d8,0x00000000de780000)
  to   space 10752K, 0% used [0x00000000df400000,0x00000000df400000,0x00000000dfe80000)
 ParOldGen       total 59904K, used 15984K [0x0000000082200000, 0x0000000085c80000, 0x00000000d6100000)
  object space 59904K, 26% used [0x0000000082200000,0x000000008319c380,0x0000000085c80000)
 Metaspace       used 33847K, capacity 35294K, committed 35416K, reserved 1079296K
  class space    used 4390K, capacity 4663K, committed 4736K, reserved 1048576K
}
Event: 5.172 GC heap before
{Heap before GC invocations=11 (full 2):
 PSYoungGen      total 137728K, used 6500K [0x00000000d6100000, 0x00000000dfe80000, 0x0000000100000000)
  eden space 128000K, 0% used [0x00000000d6100000,0x00000000d6100000,0x00000000dde00000)
  from space 9728K, 66% used [0x00000000dde00000,0x00000000de4590d8,0x00000000de780000)
  to   space 10752K, 0% used [0x00000000df400000,0x00000000df400000,0x00000000dfe80000)
 ParOldGen       total 59904K, used 15984K [0x0000000082200000, 0x0000000085c80000, 0x00000000d6100000)
  object space 59904K, 26% used [0x0000000082200000,0x000000008319c380,0x0000000085c80000)
 Metaspace       used 33847K, capacity 35294K, committed 35416K, reserved 1079296K
  class space    used 4390K, capacity 4663K, committed 4736K, reserved 1048576K
Event: 5.226 GC heap after
Heap after GC invocations=11 (full 2):
 PSYoungGen      total 137728K, used 0K [0x00000000d6100000, 0x00000000dfe80000, 0x0000000100000000)
  eden space 128000K, 0% used [0x00000000d6100000,0x00000000d6100000,0x00000000dde00000)
  from space 9728K, 0% used [0x00000000dde00000,0x00000000dde00000,0x00000000de780000)
  to   space 10752K, 0% used [0x00000000df400000,0x00000000df400000,0x00000000dfe80000)
 ParOldGen       total 59904K, used 17975K [0x0000000082200000, 0x0000000085c80000, 0x00000000d6100000)
  object space 59904K, 30% used [0x0000000082200000,0x000000008338dd68,0x0000000085c80000)
 Metaspace       used 33847K, capacity 35294K, committed 35416K, reserved 1079296K
  class space    used 4390K, capacity 4663K, committed 4736K, reserved 1048576K
}
Event: 5.880 GC heap before
{Heap before GC invocations=12 (full 2):
 PSYoungGen      total 137728K, used 128000K [0x00000000d6100000, 0x00000000dfe80000, 0x0000000100000000)
  eden space 128000K, 100% used [0x00000000d6100000,0x00000000dde00000,0x00000000dde00000)
  from space 9728K, 0% used [0x00000000dde00000,0x00000000dde00000,0x00000000de780000)
  to   space 10752K, 0% used [0x00000000df400000,0x00000000df400000,0x00000000dfe80000)
 ParOldGen       total 59904K, used 17975K [0x0000000082200000, 0x0000000085c80000, 0x00000000d6100000)
  object space 59904K, 30% used [0x0000000082200000,0x000000008338dd68,0x0000000085c80000)
 Metaspace       used 37904K, capacity 39438K, committed 39768K, reserved 1083392K
  class space    used 4830K, capacity 5137K, committed 5248K, reserved 1048576K
Event: 5.885 GC heap after
Heap after GC invocations=12 (full 2):
 PSYoungGen      total 138752K, used 5613K [0x00000000d6100000, 0x00000000dfe80000, 0x0000000100000000)
  eden space 128000K, 0% used [0x00000000d6100000,0x00000000d6100000,0x00000000dde00000)
  from space 10752K, 52% used [0x00000000df400000,0x00000000df97b6c0,0x00000000dfe80000)
  to   space 9728K, 0% used [0x00000000dde00000,0x00000000dde00000,0x00000000de780000)
 ParOldGen       total 59904K, used 17983K [0x0000000082200000, 0x0000000085c80000, 0x00000000d6100000)
  object space 59904K, 30% used [0x0000000082200000,0x000000008338fd68,0x0000000085c80000)
 Metaspace       used 37904K, capacity 39438K, committed 39768K, reserved 1083392K
  class space    used 4830K, capacity 5137K, committed 5248K, reserved 1048576K
}

